Determining if the pthread_create exist failed with the following output:
Change Dir: /home/mgorshkov/Work/join_server/CMakeFiles/CMakeTmp

Run Build Command:"/usr/bin/make" "cmTC_4db64/fast"
/usr/bin/make -f CMakeFiles/cmTC_4db64.dir/build.make CMakeFiles/cmTC_4db64.dir/build
make[1]: Entering directory '/home/mgorshkov/Work/join_server/CMakeFiles/CMakeTmp'
Building C object CMakeFiles/cmTC_4db64.dir/CheckSymbolExists.c.o
/usr/bin/cc    -o CMakeFiles/cmTC_4db64.dir/CheckSymbolExists.c.o   -c /home/mgorshkov/Work/join_server/CMakeFiles/CMakeTmp/CheckSymbolExists.c
Linking C executable cmTC_4db64
/usr/bin/cmake -E cmake_link_script CMakeFiles/cmTC_4db64.dir/link.txt --verbose=1
/usr/bin/cc      CMakeFiles/cmTC_4db64.dir/CheckSymbolExists.c.o  -o cmTC_4db64 
CMakeFiles/cmTC_4db64.dir/CheckSymbolExists.c.o: In function `main':
CheckSymbolExists.c:(.text+0x1b): undefined reference to `pthread_create'
collect2: error: ld returned 1 exit status
make[1]: *** [CMakeFiles/cmTC_4db64.dir/build.make:98: cmTC_4db64] Error 1
make[1]: Leaving directory '/home/mgorshkov/Work/join_server/CMakeFiles/CMakeTmp'
make: *** [Makefile:126: cmTC_4db64/fast] Error 2

File /home/mgorshkov/Work/join_server/CMakeFiles/CMakeTmp/CheckSymbolExists.c:
/* */
#include <pthread.h>

int main(int argc, char** argv)
{
  (void)argv;
#ifndef pthread_create
  return ((int*)(&pthread_create))[argc];
#else
  (void)argc;
  return 0;
#endif
}

